<?xml version="1.0" encoding="UTF-8"?>
<testsuites name="TS_CucumberRunner" time="126.878" tests="1" failures="1" skips="0" errors="0">
   <testsuite name="TS_CucumberRunner" tests="1" failures="1" errors="0" time="126.878" skips="0" timestamp="2020-12-08 14:08:56" hostname="Dika Brenda Angkasa - dikabrenda" id="Test Suites/TS_CucumberRunner">
      <properties>
         <property name="deviceName" value=""/>
         <property name="devicePlatform" value=""/>
         <property name="logFolder" value="C:\\Users\\BMT\\git\\mekari-qa-test\\Reports\\20201208_140845\\TS_CucumberRunner\\20201208_140845"/>
         <property name="logFiles" value="C:\\Users\\BMT\\git\\mekari-qa-test\\Reports\\20201208_140845\\TS_CucumberRunner\\20201208_140845\\execution0.log"/>
         <property name="attachments" value="C:\\Users\\BMT\\git\\mekari-qa-test\\Reports\\20201208_140845\\TS_CucumberRunner\\20201208_140845\\1607411456223.png"/>
         <property name="hostName" value="Dika Brenda Angkasa - dikabrenda"/>
         <property name="os" value="Windows 10 64bit"/>
         <property name="katalonVersion" value="7.8.0.208"/>
         <property name="browser" value="Chrome 87.0.4280.88"/>
         <property name="hostAddress" value="192.168.100.12"/>
         <property name="sessionId" value="a61c1af2b488cce55d8084ac228aa80c"/>
         <property name="seleniumVersion" value="3.141.59"/>
         <property name="proxyInformation" value="ProxyInformation { proxyOption=NO_PROXY, proxyServerType=HTTP, username=, password=********, proxyServerAddress=, proxyServerPort=0, executionList=&quot;&quot;, isApplyToDesiredCapabilities=true }"/>
         <property name="platform" value="Windows 10"/>
      </properties>
      <testcase name="Test Cases/Cucumber Runner" time="123.815" classname="Test Cases/Cucumber Runner" status="FAILED">
         <failure type="FAILED" message="Test Cases/Cucumber Runner FAILED.
Reason:
com.kms.katalon.core.exception.StepFailedException: These following reason:
 [Unable to upload file 'C:/Users/BMT/Pictures/Mekari.jpg' to object 'Object Repository/Upload Picture/div_Drop file to attach, or browsemax size 10 MBfile']
	at com.kms.katalon.core.keyword.internal.KeywordMain.stepFailed(KeywordMain.groovy:50)
	at com.kms.katalon.core.keyword.internal.KeywordMain.stepFailed(KeywordMain.groovy)
	at com.kms.katalon.core.keyword.internal.KeywordMain.stepFailed(KeywordMain.groovy:23)
	at com.kms.katalon.core.keyword.internal.KeywordMain$stepFailed$0.call(Unknown Source)
	at com.kms.katalon.core.cucumber.keyword.CucumberBuiltinKeywords$_runWithCucumberRunner_closure5.doCall(CucumberBuiltinKeywords.groovy:631)
	at com.kms.katalon.core.cucumber.keyword.CucumberBuiltinKeywords$_runWithCucumberRunner_closure5.doCall(CucumberBuiltinKeywords.groovy)
	at com.kms.katalon.core.keyword.internal.KeywordMain.runKeyword(KeywordMain.groovy:68)
	at com.kms.katalon.core.keyword.internal.KeywordMain$runKeyword.call(Unknown Source)
	at com.kms.katalon.core.cucumber.keyword.CucumberBuiltinKeywords.runWithCucumberRunner(CucumberBuiltinKeywords.groovy:616)
	at com.kms.katalon.core.cucumber.keyword.CucumberBuiltinKeywords$runWithCucumberRunner$0.callStatic(Unknown Source)
	at com.kms.katalon.core.cucumber.keyword.CucumberBuiltinKeywords.runWithCucumberRunner(CucumberBuiltinKeywords.groovy:716)
	at com.kms.katalon.core.cucumber.keyword.CucumberBuiltinKeywords$runWithCucumberRunner.call(Unknown Source)
	at Cucumber Runner.run(Cucumber Runner:18)
	at com.kms.katalon.core.main.ScriptEngine.run(ScriptEngine.java:194)
	at com.kms.katalon.core.main.ScriptEngine.runScriptAsRawText(ScriptEngine.java:119)
	at com.kms.katalon.core.main.TestCaseExecutor.runScript(TestCaseExecutor.java:393)
	at com.kms.katalon.core.main.TestCaseExecutor.doExecute(TestCaseExecutor.java:384)
	at com.kms.katalon.core.main.TestCaseExecutor.processExecutionPhase(TestCaseExecutor.java:363)
	at com.kms.katalon.core.main.TestCaseExecutor.accessMainPhase(TestCaseExecutor.java:355)
	at com.kms.katalon.core.main.TestCaseExecutor.execute(TestCaseExecutor.java:251)
	at com.kms.katalon.core.main.TestSuiteExecutor.accessTestCaseMainPhase(TestSuiteExecutor.java:203)
	at com.kms.katalon.core.main.TestSuiteExecutor.accessTestSuiteMainPhase(TestSuiteExecutor.java:152)
	at com.kms.katalon.core.main.TestSuiteExecutor.execute(TestSuiteExecutor.java:95)
	at com.kms.katalon.core.main.TestCaseMain.startTestSuite(TestCaseMain.java:157)
	at com.kms.katalon.core.main.TestCaseMain$startTestSuite$0.call(Unknown Source)
	at TempTestSuite1607411325991.run(TempTestSuite1607411325991.groovy:39)
"/>
         <system-out><![CDATA[2020-12-08 14:08:59 - [TEST_CASE][FAILED] - Test Cases/Cucumber Runner: Test Cases/Cucumber Runner FAILED.
Reason:
com.kms.katalon.core.exception.StepFailedException: These following reason:
 [Unable to upload file 'C:/Users/BMT/Pictures/Mekari.jpg' to object 'Object Repository/Upload Picture/div_Drop file to attach, or browsemax size 10 MBfile']
	at com.kms.katalon.core.keyword.internal.KeywordMain.stepFailed(KeywordMain.groovy:50)
	at com.kms.katalon.core.keyword.internal.KeywordMain.stepFailed(KeywordMain.groovy)
	at com.kms.katalon.core.keyword.internal.KeywordMain.stepFailed(KeywordMain.groovy:23)
	at com.kms.katalon.core.keyword.internal.KeywordMain$stepFailed$0.call(Unknown Source)
	at com.kms.katalon.core.cucumber.keyword.CucumberBuiltinKeywords$_runWithCucumberRunner_closure5.doCall(CucumberBuiltinKeywords.groovy:631)
	at com.kms.katalon.core.cucumber.keyword.CucumberBuiltinKeywords$_runWithCucumberRunner_closure5.doCall(CucumberBuiltinKeywords.groovy)
	at com.kms.katalon.core.keyword.internal.KeywordMain.runKeyword(KeywordMain.groovy:68)
	at com.kms.katalon.core.keyword.internal.KeywordMain$runKeyword.call(Unknown Source)
	at com.kms.katalon.core.cucumber.keyword.CucumberBuiltinKeywords.runWithCucumberRunner(CucumberBuiltinKeywords.groovy:616)
	at com.kms.katalon.core.cucumber.keyword.CucumberBuiltinKeywords$runWithCucumberRunner$0.callStatic(Unknown Source)
	at com.kms.katalon.core.cucumber.keyword.CucumberBuiltinKeywords.runWithCucumberRunner(CucumberBuiltinKeywords.groovy:716)
	at com.kms.katalon.core.cucumber.keyword.CucumberBuiltinKeywords$runWithCucumberRunner.call(Unknown Source)
	at Cucumber Runner.run(Cucumber Runner:18)
	at com.kms.katalon.core.main.ScriptEngine.run(ScriptEngine.java:194)
	at com.kms.katalon.core.main.ScriptEngine.runScriptAsRawText(ScriptEngine.java:119)
	at com.kms.katalon.core.main.TestCaseExecutor.runScript(TestCaseExecutor.java:393)
	at com.kms.katalon.core.main.TestCaseExecutor.doExecute(TestCaseExecutor.java:384)
	at com.kms.katalon.core.main.TestCaseExecutor.processExecutionPhase(TestCaseExecutor.java:363)
	at com.kms.katalon.core.main.TestCaseExecutor.accessMainPhase(TestCaseExecutor.java:355)
	at com.kms.katalon.core.main.TestCaseExecutor.execute(TestCaseExecutor.java:251)
	at com.kms.katalon.core.main.TestSuiteExecutor.accessTestCaseMainPhase(TestSuiteExecutor.java:203)
	at com.kms.katalon.core.main.TestSuiteExecutor.accessTestSuiteMainPhase(TestSuiteExecutor.java:152)
	at com.kms.katalon.core.main.TestSuiteExecutor.execute(TestSuiteExecutor.java:95)
	at com.kms.katalon.core.main.TestCaseMain.startTestSuite(TestCaseMain.java:157)
	at com.kms.katalon.core.main.TestCaseMain$startTestSuite$0.call(Unknown Source)
	at TempTestSuite1607411325991.run(TempTestSuite1607411325991.groovy:39)


2020-12-08 14:09:00 - [TEST_STEP][FAILED] - runWithCucumberRunner(CucumberRunner): Keyword runWithCucumberRunner was failed (Root cause: com.kms.katalon.core.exception.StepFailedException: These following reason:
 [Unable to upload file 'C:/Users/BMT/Pictures/Mekari.jpg' to object 'Object Repository/Upload Picture/div_Drop file to attach, or browsemax size 10 MBfile']
	at com.kms.katalon.core.keyword.internal.KeywordMain.stepFailed(KeywordMain.groovy:50)
	at com.kms.katalon.core.keyword.internal.KeywordMain.stepFailed(KeywordMain.groovy)
	at com.kms.katalon.core.keyword.internal.KeywordMain.stepFailed(KeywordMain.groovy:23)
	at com.kms.katalon.core.keyword.internal.KeywordMain$stepFailed$0.call(Unknown Source)
	at com.kms.katalon.core.cucumber.keyword.CucumberBuiltinKeywords$_runWithCucumberRunner_closure5.doCall(CucumberBuiltinKeywords.groovy:631)
	at com.kms.katalon.core.cucumber.keyword.CucumberBuiltinKeywords$_runWithCucumberRunner_closure5.doCall(CucumberBuiltinKeywords.groovy)
	at com.kms.katalon.core.keyword.internal.KeywordMain.runKeyword(KeywordMain.groovy:68)
	at com.kms.katalon.core.keyword.internal.KeywordMain$runKeyword.call(Unknown Source)
	at com.kms.katalon.core.cucumber.keyword.CucumberBuiltinKeywords.runWithCucumberRunner(CucumberBuiltinKeywords.groovy:616)
	at com.kms.katalon.core.cucumber.keyword.CucumberBuiltinKeywords$runWithCucumberRunner$0.callStatic(Unknown Source)
	at com.kms.katalon.core.cucumber.keyword.CucumberBuiltinKeywords.runWithCucumberRunner(CucumberBuiltinKeywords.groovy:716)
	at com.kms.katalon.core.cucumber.keyword.CucumberBuiltinKeywords$runWithCucumberRunner.call(Unknown Source)
	at Cucumber Runner.run(Cucumber Runner:18)
	at com.kms.katalon.core.main.ScriptEngine.run(ScriptEngine.java:194)
	at com.kms.katalon.core.main.ScriptEngine.runScriptAsRawText(ScriptEngine.java:119)
	at com.kms.katalon.core.main.TestCaseExecutor.runScript(TestCaseExecutor.java:393)
	at com.kms.katalon.core.main.TestCaseExecutor.doExecute(TestCaseExecutor.java:384)
	at com.kms.katalon.core.main.TestCaseExecutor.processExecutionPhase(TestCaseExecutor.java:363)
	at com.kms.katalon.core.main.TestCaseExecutor.accessMainPhase(TestCaseExecutor.java:355)
	at com.kms.katalon.core.main.TestCaseExecutor.execute(TestCaseExecutor.java:251)
	at com.kms.katalon.core.main.TestSuiteExecutor.accessTestCaseMainPhase(TestSuiteExecutor.java:203)
	at com.kms.katalon.core.main.TestSuiteExecutor.accessTestSuiteMainPhase(TestSuiteExecutor.java:152)
	at com.kms.katalon.core.main.TestSuiteExecutor.execute(TestSuiteExecutor.java:95)
	at com.kms.katalon.core.main.TestCaseMain.startTestSuite(TestCaseMain.java:157)
	at com.kms.katalon.core.main.TestCaseMain$startTestSuite$0.call(Unknown Source)
	at TempTestSuite1607411325991.run(TempTestSuite1607411325991.groovy:39)
)

2020-12-08 14:09:03 - [MESSAGE][INFO] - Starting 'Chrome' driver

2020-12-08 14:09:03 - [MESSAGE][INFO] - Action delay is set to 0 milliseconds

2020-12-08 14:09:09 - [MESSAGE][PASSED] - Browser is opened with url: ''

2020-12-08 14:09:13 - [MESSAGE][PASSED] - Navigate to 'https://sandbox-sso.mekari.com/users/sign_in' successfully

2020-12-08 14:09:16 - [MESSAGE][PASSED] - Current window maximized

2020-12-08 14:09:19 - [MESSAGE][PASSED] - Text 'dikabrenda@outlook.com' is set on object 'Object Repository/Login/username'

2020-12-08 14:09:19 - [MESSAGE][PASSED] - Text ****** has been set on object 'Object Repository/Login/password'

2020-12-08 14:09:27 - [MESSAGE][PASSED] - Object: 'Object Repository/Login/signInButton' is clicked on

2020-12-08 14:09:29 - [MESSAGE][PASSED] - Browser is closed

2020-12-08 14:09:29 - [MESSAGE][INFO] - Starting 'Chrome' driver

2020-12-08 14:09:29 - [MESSAGE][INFO] - Action delay is set to 0 milliseconds

2020-12-08 14:09:34 - [MESSAGE][PASSED] - Browser is opened with url: ''

2020-12-08 14:09:36 - [MESSAGE][PASSED] - Navigate to 'https://sandbox-sso.mekari.com/users/sign_in' successfully

2020-12-08 14:09:39 - [MESSAGE][PASSED] - Current window maximized

2020-12-08 14:09:42 - [MESSAGE][PASSED] - Text 'dikabrenda@outlook.com' is set on object 'Object Repository/Login/username'

2020-12-08 14:09:43 - [MESSAGE][PASSED] - Text ****** has been set on object 'Object Repository/Login/password'

2020-12-08 14:09:45 - [MESSAGE][PASSED] - Object: 'Object Repository/Login/signInButton' is clicked on

2020-12-08 14:09:47 - [MESSAGE][PASSED] - Browser is closed

2020-12-08 14:09:47 - [MESSAGE][INFO] - Starting 'Chrome' driver

2020-12-08 14:09:47 - [MESSAGE][INFO] - Action delay is set to 0 milliseconds

2020-12-08 14:09:51 - [MESSAGE][PASSED] - Browser is opened with url: ''

2020-12-08 14:09:54 - [MESSAGE][PASSED] - Navigate to 'https://sandbox-sso.mekari.com/users/sign_in' successfully

2020-12-08 14:09:57 - [MESSAGE][PASSED] - Current window maximized

2020-12-08 14:09:59 - [MESSAGE][PASSED] - Text 'dikabrend@outlook.com' is set on object 'Object Repository/Login/username'

2020-12-08 14:09:59 - [MESSAGE][PASSED] - Text ****** has been set on object 'Object Repository/Login/password'

2020-12-08 14:10:01 - [MESSAGE][PASSED] - Object: 'Object Repository/Login/signInButton' is clicked on

2020-12-08 14:10:03 - [MESSAGE][PASSED] - Browser is closed

2020-12-08 14:10:03 - [MESSAGE][INFO] - Starting 'Chrome' driver

2020-12-08 14:10:03 - [MESSAGE][INFO] - Action delay is set to 0 milliseconds

2020-12-08 14:10:07 - [MESSAGE][PASSED] - Browser is opened with url: ''

2020-12-08 14:10:11 - [MESSAGE][PASSED] - Navigate to 'https://sandbox.jurnal.id/' successfully

2020-12-08 14:10:14 - [MESSAGE][PASSED] - Current window maximized

2020-12-08 14:10:16 - [MESSAGE][PASSED] - Text 'dikabrenda@outlook.com' is set on object 'Object Repository/Sales Invoice/Enter_Email'

2020-12-08 14:10:17 - [MESSAGE][PASSED] - Text ****** has been set on object 'Object Repository/Sales Invoice/Enter_Password'

2020-12-08 14:10:23 - [MESSAGE][PASSED] - Object: 'Object Repository/Sales Invoice/Sign_In' is clicked on

2020-12-08 14:10:24 - [MESSAGE][PASSED] - Object 'Object Repository/Sales Invoice/Verify Element Dashboard Jurnal' is visible

2020-12-08 14:10:29 - [MESSAGE][PASSED] - Object: 'Object Repository/Sales Invoice/Sales' is clicked on

2020-12-08 14:10:30 - [MESSAGE][PASSED] - Object: 'Object Repository/Sales Invoice/Create New Sale' is clicked on

2020-12-08 14:10:35 - [MESSAGE][PASSED] - Object: 'Object Repository/Sales Invoice/Sales Invoice' is clicked on

2020-12-08 14:10:36 - [MESSAGE][PASSED] - Object: 'Object Repository/Sales Invoice/Dropdown' is clicked on

2020-12-08 14:10:37 - [MESSAGE][PASSED] - Object 'Object Repository/Sales Invoice/dropdownBox' is present

2020-12-08 14:10:37 - [MESSAGE][PASSED] - Object 'Object Repository/Add new customer/span_Create Sales Invoice' is present

2020-12-08 14:10:38 - [MESSAGE][PASSED] - Object: 'Object Repository/Add new customer/div_ Type to Add' is clicked on

2020-12-08 14:10:39 - [MESSAGE][PASSED] - Text 'dikabrenda' is set on object 'Object Repository/Add new customer/Display_Name'

2020-12-08 14:10:40 - [MESSAGE][PASSED] - Text 'dikabrenda@gmail.com' is set on object 'Object Repository/Add new customer/Email'

2020-12-08 14:10:41 - [MESSAGE][PASSED] - Text 'jl. Taman Narogong Indah no.11' is set on object 'Object Repository/Add new customer/Billing Address'

2020-12-08 14:10:41 - [MESSAGE][PASSED] - Text '081210411618' is set on object 'Object Repository/Add new customer/Phone'

2020-12-08 14:10:42 - [MESSAGE][PASSED] - Object: 'Object Repository/Add new customer/Save_Button' is clicked on

2020-12-08 14:10:42 - [MESSAGE][PASSED] - Object 'Object Repository/Add new customer/span_Create Sales Invoice' is present

2020-12-08 14:10:42 - [MESSAGE][PASSED] - Object: 'Object Repository/Transaction Date/Transaction Date Calendar' is clicked on

2020-12-08 14:10:43 - [MESSAGE][PASSED] - Object: 'Object Repository/Transaction Date/Tanggal_14' is clicked on

2020-12-08 14:10:43 - [MESSAGE][PASSED] - Object 'Object Repository/Transaction Date/Verify Transaction date' is present

2020-12-08 14:10:44 - [MESSAGE][PASSED] - Object 'Object Repository/Add new customer/span_Create Sales Invoice' is present

2020-12-08 14:10:44 - [MESSAGE][PASSED] - Object: 'Object Repository/Transaction Date/span_Net 30' is clicked on

2020-12-08 14:10:44 - [MESSAGE][PASSED] - Object 'Object Repository/Transaction Date/verify term box' is present

2020-12-08 14:10:45 - [MESSAGE][PASSED] - Object: 'Object Repository/Transaction Date/div_Net 60' is clicked on

2020-12-08 14:10:46 - [MESSAGE][PASSED] - Object 'Object Repository/Transaction Date/Verify Due Date' is present

2020-12-08 14:10:46 - [MESSAGE][PASSED] - Object 'Object Repository/Add new customer/span_Create Sales Invoice' is present

2020-12-08 14:10:47 - [MESSAGE][PASSED] - Text 'Product' is present on page  using regular expression

2020-12-08 14:10:48 - [MESSAGE][PASSED] - Object: 'Object Repository/Product/Select product' is clicked on

2020-12-08 14:10:48 - [MESSAGE][PASSED] - Object 'Object Repository/Product/Dropdown Product01' is present

2020-12-08 14:10:48 - [MESSAGE][PASSED] - Object 'Object Repository/Add new customer/span_Create Sales Invoice' is present

2020-12-08 14:10:49 - [MESSAGE][PASSED] - Object: 'Object Repository/Product/div_Type to Add' is clicked on

2020-12-08 14:10:51 - [MESSAGE][PASSED] - Text 'Teh Kotak 090' is set on object 'Object Repository/Product/productname'

2020-12-08 14:10:52 - [MESSAGE][PASSED] - Text '090' is set on object 'Object Repository/Product/productproduct_code'

2020-12-08 14:10:52 - [MESSAGE][PASSED] - Object: 'Object Repository/Product/button_Save' is clicked on

2020-12-08 14:10:52 - [MESSAGE][PASSED] - Object 'Object Repository/Product/Select product' is present

2020-12-08 14:10:53 - [MESSAGE][PASSED] - Object 'Object Repository/Add new customer/span_Create Sales Invoice' is present

2020-12-08 14:10:54 - [MESSAGE][PASSED] - Object: 'Object Repository/Product/a_ Add More Data' is clicked on

2020-12-08 14:10:54 - [MESSAGE][PASSED] - Object 'Object Repository/Product/Verify Data added' is present

2020-12-08 14:10:54 - [MESSAGE][PASSED] - Object 'Object Repository/Add new customer/span_Create Sales Invoice' is present

2020-12-08 14:10:55 - [MESSAGE][PASSED] - Text '400000' is set on object 'Object Repository/Product/Unit_Price01'

2020-12-08 14:10:55 - [MESSAGE][PASSED] - Object 'Object Repository/Product/Verify div_Rp. 400000,00' is present

2020-12-08 14:10:55 - [MESSAGE][PASSED] - Object 'Object Repository/Add new customer/span_Create Sales Invoice' is present

2020-12-08 14:10:55 - [MESSAGE][PASSED] - Scroll to object 'Object Repository/Upload Picture/label_Attachments' successfully

2020-12-08 14:10:56 - [MESSAGE][FAILED] - Unable to upload file 'C:/Users/BMT/Pictures/Mekari.jpg' to object 'Object Repository/Upload Picture/div_Drop file to attach, or browsemax size 10 MBfile' (Root cause: com.kms.katalon.core.exception.StepFailedException: Unable to upload file 'C:/Users/BMT/Pictures/Mekari.jpg' to object 'Object Repository/Upload Picture/div_Drop file to attach, or browsemax size 10 MBfile'
	at com.kms.katalon.core.webui.keyword.internal.WebUIKeywordMain.stepFailed(WebUIKeywordMain.groovy:64)
	at com.kms.katalon.core.webui.keyword.internal.WebUIKeywordMain.runKeyword(WebUIKeywordMain.groovy:26)
	at com.kms.katalon.core.webui.keyword.builtin.UploadFileKeyword.uploadFile(UploadFileKeyword.groovy:87)
	at com.kms.katalon.core.webui.keyword.builtin.UploadFileKeyword.execute(UploadFileKeyword.groovy:68)
	at com.kms.katalon.core.keyword.internal.KeywordExecutor.executeKeywordForPlatform(KeywordExecutor.groovy:73)
	at com.kms.katalon.core.webui.keyword.WebUiBuiltInKeywords.uploadFile(WebUiBuiltInKeywords.groovy:3402)
	at com.kms.katalon.core.webui.keyword.WebUiBuiltInKeywords$uploadFile$10.call(Unknown Source)
	at NewSalesSteps.User_click_browse_in_attachment_and_upload_picture(NewSales.groovy:266)
	at cucumber.runtime.Utils$1.call(Utils.java:26)
	at cucumber.runtime.Timeout.timeout(Timeout.java:16)
	at cucumber.runtime.Utils.invoke(Utils.java:20)
	at cucumber.runtime.java.JavaStepDefinition.execute(JavaStepDefinition.java:48)
	at cucumber.runtime.PickleStepDefinitionMatch.runStep(PickleStepDefinitionMatch.java:50)
	at cucumber.runner.TestStep.executeStep(TestStep.java:55)
	at cucumber.runner.TestStep.run(TestStep.java:42)
	at cucumber.runner.PickleStepTestStep.run(PickleStepTestStep.java:53)
	at cucumber.runner.TestCase.run(TestCase.java:47)
	at cucumber.runner.Runner.runPickle(Runner.java:44)
	at cucumber.runtime.junit.PickleRunners$NoStepDescriptions.run(PickleRunners.java:140)
	at cucumber.runtime.junit.FeatureRunner.runChild(FeatureRunner.java:68)
	at cucumber.runtime.junit.FeatureRunner.runChild(FeatureRunner.java:23)
	at org.junit.runners.ParentRunner$3.run(ParentRunner.java:290)
	at org.junit.runners.ParentRunner$1.schedule(ParentRunner.java:71)
	at org.junit.runners.ParentRunner.runChildren(ParentRunner.java:288)
	at org.junit.runners.ParentRunner.access$000(ParentRunner.java:58)
	at org.junit.runners.ParentRunner$2.evaluate(ParentRunner.java:268)
	at org.junit.runners.ParentRunner.run(ParentRunner.java:363)
	at cucumber.runtime.junit.FeatureRunner.run(FeatureRunner.java:73)
	at cucumber.api.junit.Cucumber.runChild(Cucumber.java:98)
	at cucumber.api.junit.Cucumber.runChild(Cucumber.java:55)
	at org.junit.runners.ParentRunner$3.run(ParentRunner.java:290)
	at org.junit.runners.ParentRunner$1.schedule(ParentRunner.java:71)
	at org.junit.runners.ParentRunner.runChildren(ParentRunner.java:288)
	at org.junit.runners.ParentRunner.access$000(ParentRunner.java:58)
	at org.junit.runners.ParentRunner$2.evaluate(ParentRunner.java:268)
	at cucumber.api.junit.Cucumber$1.evaluate(Cucumber.java:107)
	at org.junit.runners.ParentRunner.run(ParentRunner.java:363)
	at org.junit.runners.Suite.runChild(Suite.java:128)
	at org.junit.runners.Suite.runChild(Suite.java:27)
	at org.junit.runners.ParentRunner$3.run(ParentRunner.java:290)
	at org.junit.runners.ParentRunner$1.schedule(ParentRunner.java:71)
	at org.junit.runners.ParentRunner.runChildren(ParentRunner.java:288)
	at org.junit.runners.ParentRunner.access$000(ParentRunner.java:58)
	at org.junit.runners.ParentRunner$2.evaluate(ParentRunner.java:268)
	at org.junit.runners.ParentRunner.run(ParentRunner.java:363)
	at org.junit.runner.JUnitCore.run(JUnitCore.java:137)
	at org.junit.runner.JUnitCore.run(JUnitCore.java:115)
	at org.junit.runner.JUnitCore.run(JUnitCore.java:105)
	at com.kms.katalon.core.cucumber.keyword.CucumberBuiltinKeywords$_runWithCucumberRunner_closure5.doCall(CucumberBuiltinKeywords.groovy:619)
	at com.kms.katalon.core.cucumber.keyword.CucumberBuiltinKeywords$_runWithCucumberRunner_closure5.doCall(CucumberBuiltinKeywords.groovy)
	at com.kms.katalon.core.keyword.internal.KeywordMain.runKeyword(KeywordMain.groovy:68)
	at com.kms.katalon.core.keyword.internal.KeywordMain$runKeyword.call(Unknown Source)
	at com.kms.katalon.core.cucumber.keyword.CucumberBuiltinKeywords.runWithCucumberRunner(CucumberBuiltinKeywords.groovy:616)
	at com.kms.katalon.core.cucumber.keyword.CucumberBuiltinKeywords$runWithCucumberRunner$0.callStatic(Unknown Source)
	at com.kms.katalon.core.cucumber.keyword.CucumberBuiltinKeywords.runWithCucumberRunner(CucumberBuiltinKeywords.groovy:716)
	at com.kms.katalon.core.cucumber.keyword.CucumberBuiltinKeywords$runWithCucumberRunner.call(Unknown Source)
	at Cucumber Runner.run(Cucumber Runner:18)
	at com.kms.katalon.core.main.ScriptEngine.run(ScriptEngine.java:194)
	at com.kms.katalon.core.main.ScriptEngine.runScriptAsRawText(ScriptEngine.java:119)
	at com.kms.katalon.core.main.TestCaseExecutor.runScript(TestCaseExecutor.java:393)
	at com.kms.katalon.core.main.TestCaseExecutor.doExecute(TestCaseExecutor.java:384)
	at com.kms.katalon.core.main.TestCaseExecutor.processExecutionPhase(TestCaseExecutor.java:363)
	at com.kms.katalon.core.main.TestCaseExecutor.accessMainPhase(TestCaseExecutor.java:355)
	at com.kms.katalon.core.main.TestCaseExecutor.execute(TestCaseExecutor.java:251)
	at com.kms.katalon.core.main.TestSuiteExecutor.accessTestCaseMainPhase(TestSuiteExecutor.java:203)
	at com.kms.katalon.core.main.TestSuiteExecutor.accessTestSuiteMainPhase(TestSuiteExecutor.java:152)
	at com.kms.katalon.core.main.TestSuiteExecutor.execute(TestSuiteExecutor.java:95)
	at com.kms.katalon.core.main.TestCaseMain.startTestSuite(TestCaseMain.java:157)
	at com.kms.katalon.core.main.TestCaseMain$startTestSuite$0.call(Unknown Source)
	at TempTestSuite1607411325991.run(TempTestSuite1607411325991.groovy:39)
Caused by: org.openqa.selenium.ElementNotInteractableException: element not interactable
  (Session info: chrome=87.0.4280.88)
Build info: version: '3.141.59', revision: 'e82be7d358', time: '2018-11-14T08:25:53'
System info: host: 'DIKABRENDA', ip: '192.168.100.12', os.name: 'Windows 10', os.arch: 'amd64', os.version: '10.0', java.version: '1.8.0_181'
Driver info: com.kms.katalon.selenium.driver.CChromeDriver
Capabilities {acceptInsecureCerts: false, browserName: chrome, browserVersion: 87.0.4280.88, chrome: {chromedriverVersion: 87.0.4280.88 (89e2380a3e36c..., userDataDir: C:\Users\BMT\AppData\Local\...}, goog:chromeOptions: {debuggerAddress: localhost:54558}, javascriptEnabled: true, networkConnectionEnabled: false, pageLoadStrategy: normal, platform: WINDOWS, platformName: WINDOWS, proxy: Proxy(), setWindowRect: true, strictFileInteractability: false, timeouts: {implicit: 0, pageLoad: 300000, script: 30000}, unhandledPromptBehavior: dismiss and notify, webauthn:virtualAuthenticators: true}
Session ID: a61c1af2b488cce55d8084ac228aa80c
	at org.openqa.selenium.remote.http.W3CHttpResponseCodec.createException(W3CHttpResponseCodec.java:187)
	at org.openqa.selenium.remote.http.W3CHttpResponseCodec.decode(W3CHttpResponseCodec.java:122)
	at org.openqa.selenium.remote.http.W3CHttpResponseCodec.decode(W3CHttpResponseCodec.java:49)
	at org.openqa.selenium.remote.HttpCommandExecutor.execute(HttpCommandExecutor.java:158)
	at org.openqa.selenium.remote.service.DriverCommandExecutor.execute(DriverCommandExecutor.java:83)
	at org.openqa.selenium.remote.RemoteWebDriver.execute(RemoteWebDriver.java:552)
	at com.kms.katalon.selenium.driver.CChromeDriver.execute(CChromeDriver.java:19)
	at org.openqa.selenium.remote.RemoteWebElement.execute(RemoteWebElement.java:285)
	at org.openqa.selenium.remote.RemoteWebElement.sendKeys(RemoteWebElement.java:106)
	at org.openqa.selenium.support.events.EventFiringWebDriver$EventFiringWebElement.lambda$new$0(EventFiringWebDriver.java:404)
	at com.sun.proxy.$Proxy23.sendKeys(Unknown Source)
	at org.openqa.selenium.support.events.EventFiringWebDriver$EventFiringWebElement.sendKeys(EventFiringWebDriver.java:429)
	at com.kms.katalon.core.webui.keyword.builtin.UploadFileKeyword$_uploadFile_closure1.doCall(UploadFileKeyword.groovy:80)
	at com.kms.katalon.core.webui.keyword.builtin.UploadFileKeyword$_uploadFile_closure1.call(UploadFileKeyword.groovy)
	at com.kms.katalon.core.webui.keyword.internal.WebUIKeywordMain.runKeyword(WebUIKeywordMain.groovy:20)
	at com.kms.katalon.core.webui.keyword.builtin.UploadFileKeyword.uploadFile(UploadFileKeyword.groovy:87)
	at com.kms.katalon.core.webui.keyword.builtin.UploadFileKeyword.execute(UploadFileKeyword.groovy:68)
	at com.kms.katalon.core.keyword.internal.KeywordExecutor.executeKeywordForPlatform(KeywordExecutor.groovy:73)
	at com.kms.katalon.core.webui.keyword.WebUiBuiltInKeywords.uploadFile(WebUiBuiltInKeywords.groovy:3402)
	at com.kms.katalon.core.webui.keyword.WebUiBuiltInKeywords$uploadFile$10.call(Unknown Source)
	at NewSalesSteps.User_click_browse_in_attachment_and_upload_picture(NewSales.groovy:266)
	at cucumber.runtime.Utils$1.call(Utils.java:26)
	at cucumber.runtime.Timeout.timeout(Timeout.java:16)
	at cucumber.runtime.Utils.invoke(Utils.java:20)
	at cucumber.runtime.java.JavaStepDefinition.execute(JavaStepDefinition.java:48)
	at cucumber.runtime.PickleStepDefinitionMatch.runStep(PickleStepDefinitionMatch.java:50)
	at cucumber.runner.TestStep.executeStep(TestStep.java:55)
	at cucumber.runner.TestStep.run(TestStep.java:42)
	at cucumber.runner.PickleStepTestStep.run(PickleStepTestStep.java:53)
	at cucumber.runner.TestCase.run(TestCase.java:47)
	at cucumber.runner.Runner.runPickle(Runner.java:44)
	at cucumber.runtime.junit.PickleRunners$NoStepDescriptions.run(PickleRunners.java:140)
	at cucumber.runtime.junit.FeatureRunner.runChild(FeatureRunner.java:68)
	at cucumber.runtime.junit.FeatureRunner.runChild(FeatureRunner.java:23)
	at org.junit.runners.ParentRunner$3.run(ParentRunner.java:290)
	at org.junit.runners.ParentRunner$1.schedule(ParentRunner.java:71)
	at org.junit.runners.ParentRunner.runChildren(ParentRunner.java:288)
	at org.junit.runners.ParentRunner.access$000(ParentRunner.java:58)
	at org.junit.runners.ParentRunner$2.evaluate(ParentRunner.java:268)
	at org.junit.runners.ParentRunner.run(ParentRunner.java:363)
	at cucumber.runtime.junit.FeatureRunner.run(FeatureRunner.java:73)
	at cucumber.api.junit.Cucumber.runChild(Cucumber.java:98)
	at cucumber.api.junit.Cucumber.runChild(Cucumber.java:55)
	at org.junit.runners.ParentRunner$3.run(ParentRunner.java:290)
	at org.junit.runners.ParentRunner$1.schedule(ParentRunner.java:71)
	at org.junit.runners.ParentRunner.runChildren(ParentRunner.java:288)
	at org.junit.runners.ParentRunner.access$000(ParentRunner.java:58)
	at org.junit.runners.ParentRunner$2.evaluate(ParentRunner.java:268)
	at cucumber.api.junit.Cucumber$1.evaluate(Cucumber.java:107)
	at org.junit.runners.ParentRunner.run(ParentRunner.java:363)
	at org.junit.runners.Suite.runChild(Suite.java:128)
	at org.junit.runners.Suite.runChild(Suite.java:27)
	at org.junit.runners.ParentRunner$3.run(ParentRunner.java:290)
	at org.junit.runners.ParentRunner$1.schedule(ParentRunner.java:71)
	at org.junit.runners.ParentRunner.runChildren(ParentRunner.java:288)
	at org.junit.runners.ParentRunner.access$000(ParentRunner.java:58)
	at org.junit.runners.ParentRunner$2.evaluate(ParentRunner.java:268)
	at org.junit.runners.ParentRunner.run(ParentRunner.java:363)
	at org.junit.runner.JUnitCore.run(JUnitCore.java:137)
	at org.junit.runner.JUnitCore.run(JUnitCore.java:115)
	at org.junit.runner.JUnitCore.run(JUnitCore.java:105)
	at com.kms.katalon.core.cucumber.keyword.CucumberBuiltinKeywords$_runWithCucumberRunner_closure5.doCall(CucumberBuiltinKeywords.groovy:619)
	at com.kms.katalon.core.cucumber.keyword.CucumberBuiltinKeywords$_runWithCucumberRunner_closure5.doCall(CucumberBuiltinKeywords.groovy)
	at com.kms.katalon.core.keyword.internal.KeywordMain.runKeyword(KeywordMain.groovy:68)
	at com.kms.katalon.core.keyword.internal.KeywordMain$runKeyword.call(Unknown Source)
	at com.kms.katalon.core.cucumber.keyword.CucumberBuiltinKeywords.runWithCucumberRunner(CucumberBuiltinKeywords.groovy:616)
	at com.kms.katalon.core.cucumber.keyword.CucumberBuiltinKeywords$runWithCucumberRunner$0.callStatic(Unknown Source)
	at com.kms.katalon.core.cucumber.keyword.CucumberBuiltinKeywords.runWithCucumberRunner(CucumberBuiltinKeywords.groovy:716)
	at com.kms.katalon.core.cucumber.keyword.CucumberBuiltinKeywords$runWithCucumberRunner.call(Unknown Source)
	at Script1607208304537.run(Script1607208304537.groovy:18)
	... 13 more
)
[[ATTACHMENT|C:\\Users\\BMT\\git\\mekari-qa-test\\Reports\\20201208_140845\\TS_CucumberRunner\\20201208_140845\\1607411456223.png]]

2020-12-08 14:10:56 - [MESSAGE][PASSED] - Object 'Object Repository/Add new customer/span_Create Sales Invoice' is present

2020-12-08 14:10:57 - [MESSAGE][PASSED] - Object: 'Object Repository/Created Invoice/input_Cancel_create' is clicked on

2020-12-08 14:10:59 - [MESSAGE][PASSED] - Object 'Object Repository/Created Invoice/div_Successfully processed' is present

2020-12-08 14:10:59 - [MESSAGE][PASSED] - Object 'Object Repository/Created Invoice/h2_TransactionsSales Invoice 10001' is present

2020-12-08 14:11:02 - [MESSAGE][PASSED] - Browser is closed

2020-12-08 14:11:02 - [MESSAGE][FAILED] - These following reason:
 [Unable to upload file 'C:/Users/BMT/Pictures/Mekari.jpg' to object 'Object Repository/Upload Picture/div_Drop file to attach, or browsemax size 10 MBfile']

2020-12-08 14:11:02 - [MESSAGE][FAILED] - Keyword runWithCucumberRunner was failed (Root cause: com.kms.katalon.core.exception.StepFailedException: These following reason:
 [Unable to upload file 'C:/Users/BMT/Pictures/Mekari.jpg' to object 'Object Repository/Upload Picture/div_Drop file to attach, or browsemax size 10 MBfile']
	at com.kms.katalon.core.keyword.internal.KeywordMain.stepFailed(KeywordMain.groovy:50)
	at com.kms.katalon.core.keyword.internal.KeywordMain.stepFailed(KeywordMain.groovy)
	at com.kms.katalon.core.keyword.internal.KeywordMain.stepFailed(KeywordMain.groovy:23)
	at com.kms.katalon.core.keyword.internal.KeywordMain$stepFailed$0.call(Unknown Source)
	at com.kms.katalon.core.cucumber.keyword.CucumberBuiltinKeywords$_runWithCucumberRunner_closure5.doCall(CucumberBuiltinKeywords.groovy:631)
	at com.kms.katalon.core.cucumber.keyword.CucumberBuiltinKeywords$_runWithCucumberRunner_closure5.doCall(CucumberBuiltinKeywords.groovy)
	at com.kms.katalon.core.keyword.internal.KeywordMain.runKeyword(KeywordMain.groovy:68)
	at com.kms.katalon.core.keyword.internal.KeywordMain$runKeyword.call(Unknown Source)
	at com.kms.katalon.core.cucumber.keyword.CucumberBuiltinKeywords.runWithCucumberRunner(CucumberBuiltinKeywords.groovy:616)
	at com.kms.katalon.core.cucumber.keyword.CucumberBuiltinKeywords$runWithCucumberRunner$0.callStatic(Unknown Source)
	at com.kms.katalon.core.cucumber.keyword.CucumberBuiltinKeywords.runWithCucumberRunner(CucumberBuiltinKeywords.groovy:716)
	at com.kms.katalon.core.cucumber.keyword.CucumberBuiltinKeywords$runWithCucumberRunner.call(Unknown Source)
	at Cucumber Runner.run(Cucumber Runner:18)
	at com.kms.katalon.core.main.ScriptEngine.run(ScriptEngine.java:194)
	at com.kms.katalon.core.main.ScriptEngine.runScriptAsRawText(ScriptEngine.java:119)
	at com.kms.katalon.core.main.TestCaseExecutor.runScript(TestCaseExecutor.java:393)
	at com.kms.katalon.core.main.TestCaseExecutor.doExecute(TestCaseExecutor.java:384)
	at com.kms.katalon.core.main.TestCaseExecutor.processExecutionPhase(TestCaseExecutor.java:363)
	at com.kms.katalon.core.main.TestCaseExecutor.accessMainPhase(TestCaseExecutor.java:355)
	at com.kms.katalon.core.main.TestCaseExecutor.execute(TestCaseExecutor.java:251)
	at com.kms.katalon.core.main.TestSuiteExecutor.accessTestCaseMainPhase(TestSuiteExecutor.java:203)
	at com.kms.katalon.core.main.TestSuiteExecutor.accessTestSuiteMainPhase(TestSuiteExecutor.java:152)
	at com.kms.katalon.core.main.TestSuiteExecutor.execute(TestSuiteExecutor.java:95)
	at com.kms.katalon.core.main.TestCaseMain.startTestSuite(TestCaseMain.java:157)
	at com.kms.katalon.core.main.TestCaseMain$startTestSuite$0.call(Unknown Source)
	at TempTestSuite1607411325991.run(TempTestSuite1607411325991.groovy:39)
)]]></system-out>
         <system-err><![CDATA[2020-12-08 14:08:59 - [TEST_CASE][FAILED] - Test Cases/Cucumber Runner: Test Cases/Cucumber Runner FAILED.
Reason:
com.kms.katalon.core.exception.StepFailedException: These following reason:
 [Unable to upload file 'C:/Users/BMT/Pictures/Mekari.jpg' to object 'Object Repository/Upload Picture/div_Drop file to attach, or browsemax size 10 MBfile']
	at com.kms.katalon.core.keyword.internal.KeywordMain.stepFailed(KeywordMain.groovy:50)
	at com.kms.katalon.core.keyword.internal.KeywordMain.stepFailed(KeywordMain.groovy)
	at com.kms.katalon.core.keyword.internal.KeywordMain.stepFailed(KeywordMain.groovy:23)
	at com.kms.katalon.core.keyword.internal.KeywordMain$stepFailed$0.call(Unknown Source)
	at com.kms.katalon.core.cucumber.keyword.CucumberBuiltinKeywords$_runWithCucumberRunner_closure5.doCall(CucumberBuiltinKeywords.groovy:631)
	at com.kms.katalon.core.cucumber.keyword.CucumberBuiltinKeywords$_runWithCucumberRunner_closure5.doCall(CucumberBuiltinKeywords.groovy)
	at com.kms.katalon.core.keyword.internal.KeywordMain.runKeyword(KeywordMain.groovy:68)
	at com.kms.katalon.core.keyword.internal.KeywordMain$runKeyword.call(Unknown Source)
	at com.kms.katalon.core.cucumber.keyword.CucumberBuiltinKeywords.runWithCucumberRunner(CucumberBuiltinKeywords.groovy:616)
	at com.kms.katalon.core.cucumber.keyword.CucumberBuiltinKeywords$runWithCucumberRunner$0.callStatic(Unknown Source)
	at com.kms.katalon.core.cucumber.keyword.CucumberBuiltinKeywords.runWithCucumberRunner(CucumberBuiltinKeywords.groovy:716)
	at com.kms.katalon.core.cucumber.keyword.CucumberBuiltinKeywords$runWithCucumberRunner.call(Unknown Source)
	at Cucumber Runner.run(Cucumber Runner:18)
	at com.kms.katalon.core.main.ScriptEngine.run(ScriptEngine.java:194)
	at com.kms.katalon.core.main.ScriptEngine.runScriptAsRawText(ScriptEngine.java:119)
	at com.kms.katalon.core.main.TestCaseExecutor.runScript(TestCaseExecutor.java:393)
	at com.kms.katalon.core.main.TestCaseExecutor.doExecute(TestCaseExecutor.java:384)
	at com.kms.katalon.core.main.TestCaseExecutor.processExecutionPhase(TestCaseExecutor.java:363)
	at com.kms.katalon.core.main.TestCaseExecutor.accessMainPhase(TestCaseExecutor.java:355)
	at com.kms.katalon.core.main.TestCaseExecutor.execute(TestCaseExecutor.java:251)
	at com.kms.katalon.core.main.TestSuiteExecutor.accessTestCaseMainPhase(TestSuiteExecutor.java:203)
	at com.kms.katalon.core.main.TestSuiteExecutor.accessTestSuiteMainPhase(TestSuiteExecutor.java:152)
	at com.kms.katalon.core.main.TestSuiteExecutor.execute(TestSuiteExecutor.java:95)
	at com.kms.katalon.core.main.TestCaseMain.startTestSuite(TestCaseMain.java:157)
	at com.kms.katalon.core.main.TestCaseMain$startTestSuite$0.call(Unknown Source)
	at TempTestSuite1607411325991.run(TempTestSuite1607411325991.groovy:39)]]></system-err>
      </testcase>
      <system-out><![CDATA[2020-12-08 14:08:56 - [TEST_SUITE][INCOMPLETE] - TS_CucumberRunner: null]]></system-out>
      <system-err><![CDATA[2020-12-08 14:08:56 - [TEST_SUITE][INCOMPLETE] - TS_CucumberRunner: null]]></system-err>
   </testsuite>
</testsuites>
